2026-01-07 12:34:29 +0000  Initial pipeline context: <IDEDistributionProcessingPipelineContext: 0xc60733c00; archive(resolved)="<IDEArchive: 0xc861321b0>", distributionTask(resolved)="2", distributionDestination(resolved)="1", distributionMethod(resolved)="<IDEDistributionMethodiOSAdHoc: 0xc7d6cafa0>", team(resolved)="<IDEProvisioningDisambiguatableBasicTeam: 0xc7cc8e600; teamID='92A7XJUSA8', teamName='ARKANA SOLUSI DIGITAL, PT', teamType='Company', username='arkana.digital@icloud.com', isFreeProvisioningTeam='0'>">
	Chain (16, self inclusive):
	<IDEDistributionProcessingPipelineContext: 0xc60733c00; archive = "<IDEArchive: 0xc861321b0>", distributionMethod="<IDEDistributionMethodiOSAdHoc: 0xc7d6cafa0>", team="<IDEProvisioningDisambiguatableBasicTeam: 0xc7cc8e600; teamID='92A7XJUSA8', teamName='ARKANA SOLUSI DIGITAL, PT', teamType='Company', username='arkana.digital@icloud.com', isFreeProvisioningTeam='0'>">
	<IDEDistributionProcessingPipelineContext: 0xc60733900; archive = "<IDEArchive: 0xc861321b0>", distributionMethod="<IDEDistributionMethodiOSAdHoc: 0xc7d6cafa0>", team="<IDEProvisioningDisambiguatableBasicTeam: 0xc7cc8e600; teamID='92A7XJUSA8', teamName='ARKANA SOLUSI DIGITAL, PT', teamType='Company', username='arkana.digital@icloud.com', isFreeProvisioningTeam='0'>">
	<IDEDistributionContext: 0xc85e6f700; archive = "<IDEArchive: 0xc861321b0>", distributionMethod="<IDEDistributionMethodiOSAdHoc: 0xc7d6cafa0>", team="<IDEProvisioningDisambiguatableBasicTeam: 0xc7cc8e600; teamID='92A7XJUSA8', teamName='ARKANA SOLUSI DIGITAL, PT', teamType='Company', username='arkana.digital@icloud.com', isFreeProvisioningTeam='0'>">
	<IDEDistributionContext: 0xc864c1400; archive = "<IDEArchive: 0xc861321b0>", distributionMethod="<IDEDistributionMethodiOSAdHoc: 0xc7d6cafa0>", team="<IDEProvisioningDisambiguatableBasicTeam: 0xc7cc8e600; teamID='92A7XJUSA8', teamName='ARKANA SOLUSI DIGITAL, PT', teamType='Company', username='arkana.digital@icloud.com', isFreeProvisioningTeam='0'>">
	<IDEDistributionContext: 0xc864c1180; archive = "<IDEArchive: 0xc861321b0>", distributionMethod="<IDEDistributionMethodiOSAdHoc: 0xc7d6cafa0>", team="<IDEProvisioningDisambiguatableBasicTeam: 0xc7cc8e600; teamID='92A7XJUSA8', teamName='ARKANA SOLUSI DIGITAL, PT', teamType='Company', username='arkana.digital@icloud.com', isFreeProvisioningTeam='0'>">
	<IDEDistributionContext: 0xc8643fc00; archive = "<IDEArchive: 0xc861321b0>", distributionMethod="<IDEDistributionMethodiOSAdHoc: 0xc7d6cafa0>", team="<IDEProvisioningDisambiguatableBasicTeam: 0xc7cc8e600; teamID='92A7XJUSA8', teamName='ARKANA SOLUSI DIGITAL, PT', teamType='Company', username='arkana.digital@icloud.com', isFreeProvisioningTeam='0'>">
	<IDEDistributionContext: 0xc8643d680; archive = "<IDEArchive: 0xc861321b0>", distributionMethod="<IDEDistributionMethodiOSAdHoc: 0xc7d6cafa0>", team="<IDEProvisioningDisambiguatableBasicTeam: 0xc7cc8e600; teamID='92A7XJUSA8', teamName='ARKANA SOLUSI DIGITAL, PT', teamType='Company', username='arkana.digital@icloud.com', isFreeProvisioningTeam='0'>">
	<IDEDistributionContext: 0xc8643f700; archive = "<IDEArchive: 0xc861321b0>", distributionMethod="<IDEDistributionMethodiOSAdHoc: 0xc7d6cafa0>", team="<IDEProvisioningDisambiguatableBasicTeam: 0xc7cc8e600; teamID='92A7XJUSA8', teamName='ARKANA SOLUSI DIGITAL, PT', teamType='Company', username='arkana.digital@icloud.com', isFreeProvisioningTeam='0'>">
	<IDEDistributionContext: 0xc8643d900; archive = "<IDEArchive: 0xc861321b0>", distributionMethod="<IDEDistributionMethodiOSAdHoc: 0xc7d6cafa0>", team="<IDEProvisioningDisambiguatableBasicTeam: 0xc7cc8e600; teamID='92A7XJUSA8', teamName='ARKANA SOLUSI DIGITAL, PT', teamType='Company', username='arkana.digital@icloud.com', isFreeProvisioningTeam='0'>">
	<IDEDistributionContext: 0xc8643f980; archive = "<IDEArchive: 0xc861321b0>", distributionMethod="<IDEDistributionMethodiOSAdHoc: 0xc7d6cafa0>", team="(null)">
	<IDEDistributionContext: 0xc864ff200; archive = "<IDEArchive: 0xc861321b0>", distributionMethod="<IDEDistributionMethodiOSAdHoc: 0xc7d6cafa0>", team="(null)">
	<IDEDistributionContext: 0xc864fef80; archive = "<IDEArchive: 0xc861321b0>", distributionMethod="<IDEDistributionMethodiOSAdHoc: 0xc7d6cafa0>", team="(null)">
	<IDEDistributionContext: 0xc864fed00; archive = "<IDEArchive: 0xc861321b0>", distributionMethod="<IDEDistributionMethodiOSAdHoc: 0xc7d6cafa0>", team="(null)">
	<IDEDistributionContext: 0xc864ff480; archive = "<IDEArchive: 0xc861321b0>", distributionMethod="(null)", team="(null)">
	<IDEDistributionContext: 0xc86468780; archive = "<IDEArchive: 0xc861321b0>", distributionMethod="(null)", team="(null)">
	<IDEDistributionContext: 0xc86468500; archive = "<IDEArchive: 0xc861321b0>", distributionMethod="(null)", team="(null)">
</IDEDistributionProcessingPipelineContext: 0xc60733c00>
2026-01-07 12:34:29 +0000  Processing step: IDEDistributionCreateDestRootStep
2026-01-07 12:34:29 +0000  Processing step: IDEDistributionCopyItemStep
2026-01-07 12:34:29 +0000  Running /usr/bin/ditto '-V' '/Users/rachmataditiya/Library/Developer/Xcode/Archives/2026-01-07/SedariMobile 07-01-26, 19.33.xcarchive/Products/Applications/SedariMobile.app' '/var/folders/5r/zb8_mr3j4bxdx5y6xb4mznfm0000gn/T/XcodeDistPipeline.~~~YCtFNn/Root/Payload/SedariMobile.app'
2026-01-07 12:34:29 +0000  >>> Copying /Users/rachmataditiya/Library/Developer/Xcode/Archives/2026-01-07/SedariMobile 07-01-26, 19.33.xcarchive/Products/Applications/SedariMobile.app 
2026-01-07 12:34:29 +0000  copying file ./_CodeSignature/CodeResources ... 
2026-01-07 12:34:29 +0000  30463 bytes for ./_CodeSignature/CodeResources
2026-01-07 12:34:29 +0000  copying file ./SplashScreen.storyboardc/EXPO-VIEWCONTROLLER-1-view-EXPO-ContainerView.nib ... 
2026-01-07 12:34:29 +0000  2192 bytes for ./SplashScreen.storyboardc/EXPO-VIEWCONTROLLER-1-view-EXPO-ContainerView.nib
2026-01-07 12:34:29 +0000  copying file ./SplashScreen.storyboardc/SplashScreenViewController.nib ... 
2026-01-07 12:34:29 +0000  1004 bytes for ./SplashScreen.storyboardc/SplashScreenViewController.nib
2026-01-07 12:34:29 +0000  copying file ./SplashScreen.storyboardc/Info.plist ... 
2026-01-07 12:34:29 +0000  225 bytes for ./SplashScreen.storyboardc/Info.plist
2026-01-07 12:34:29 +0000  copying file ./AppIcon60x60@2x.png ... 
2026-01-07 12:34:29 +0000  31946 bytes for ./AppIcon60x60@2x.png
2026-01-07 12:34:29 +0000  copying file ./ExpoConstants_privacy.bundle/PrivacyInfo.xcprivacy ... 
2026-01-07 12:34:29 +0000  607 bytes for ./ExpoConstants_privacy.bundle/PrivacyInfo.xcprivacy
2026-01-07 12:34:29 +0000  copying file ./ExpoConstants_privacy.bundle/Info.plist ... 
2026-01-07 12:34:29 +0000  789 bytes for ./ExpoConstants_privacy.bundle/Info.plist
2026-01-07 12:34:29 +0000  copying file ./React-cxxreact_privacy.bundle/PrivacyInfo.xcprivacy ... 
2026-01-07 12:34:29 +0000  552 bytes for ./React-cxxreact_privacy.bundle/PrivacyInfo.xcprivacy
2026-01-07 12:34:29 +0000  copying file ./React-cxxreact_privacy.bundle/Info.plist ... 
2026-01-07 12:34:29 +0000  790 bytes for ./React-cxxreact_privacy.bundle/Info.plist
2026-01-07 12:34:29 +0000  copying file ./ExpoApplication_privacy.bundle/PrivacyInfo.xcprivacy ... 
2026-01-07 12:34:29 +0000  608 bytes for ./ExpoApplication_privacy.bundle/PrivacyInfo.xcprivacy
2026-01-07 12:34:29 +0000  copying file ./ExpoApplication_privacy.bundle/Info.plist ... 
2026-01-07 12:34:29 +0000  791 bytes for ./ExpoApplication_privacy.bundle/Info.plist
2026-01-07 12:34:29 +0000  copying file ./Assets.car ... 
2026-01-07 12:34:29 +0000  4191912 bytes for ./Assets.car
2026-01-07 12:34:29 +0000  copying file ./AppIcon76x76@2x~ipad.png ... 
2026-01-07 12:34:29 +0000  47584 bytes for ./AppIcon76x76@2x~ipad.png
2026-01-07 12:34:29 +0000  copying file ./main.jsbundle ... 
2026-01-07 12:34:29 +0000  4154974 bytes for ./main.jsbundle
2026-01-07 12:34:29 +0000  copying file ./EXConstants.bundle/app.config ... 
2026-01-07 12:34:29 +0000  1408 bytes for ./EXConstants.bundle/app.config
2026-01-07 12:34:29 +0000  copying file ./EXConstants.bundle/Info.plist ... 
2026-01-07 12:34:29 +0000  767 bytes for ./EXConstants.bundle/Info.plist
2026-01-07 12:34:29 +0000  copying file ./ExpoDevice_privacy.bundle/PrivacyInfo.xcprivacy ... 
2026-01-07 12:34:29 +0000  609 bytes for ./ExpoDevice_privacy.bundle/PrivacyInfo.xcprivacy
2026-01-07 12:34:29 +0000  copying file ./ExpoDevice_privacy.bundle/Info.plist ... 
2026-01-07 12:34:29 +0000  782 bytes for ./ExpoDevice_privacy.bundle/Info.plist
2026-01-07 12:34:29 +0000  copying file ./PrivacyInfo.xcprivacy ... 
2026-01-07 12:34:29 +0000  1283 bytes for ./PrivacyInfo.xcprivacy
2026-01-07 12:34:29 +0000  copying file ./ExpoNotifications_privacy.bundle/PrivacyInfo.xcprivacy ... 
2026-01-07 12:34:29 +0000  607 bytes for ./ExpoNotifications_privacy.bundle/PrivacyInfo.xcprivacy
2026-01-07 12:34:29 +0000  copying file ./ExpoNotifications_privacy.bundle/Info.plist ... 
2026-01-07 12:34:29 +0000  797 bytes for ./ExpoNotifications_privacy.bundle/Info.plist
2026-01-07 12:34:29 +0000  copying file ./ExpoFileSystem_privacy.bundle/PrivacyInfo.xcprivacy ... 
2026-01-07 12:34:29 +0000  877 bytes for ./ExpoFileSystem_privacy.bundle/PrivacyInfo.xcprivacy
2026-01-07 12:34:29 +0000  copying file ./ExpoFileSystem_privacy.bundle/Info.plist ... 
2026-01-07 12:34:29 +0000  791 bytes for ./ExpoFileSystem_privacy.bundle/Info.plist
2026-01-07 12:34:29 +0000  copying file ./Frameworks/React.framework/_CodeSignature/CodeResources ... 
2026-01-07 12:34:29 +0000  1798 bytes for ./Frameworks/React.framework/_CodeSignature/CodeResources
2026-01-07 12:34:29 +0000  copying file ./Frameworks/React.framework/React ... 
2026-01-07 12:34:29 +0000  11306576 bytes for ./Frameworks/React.framework/React
2026-01-07 12:34:29 +0000  copying file ./Frameworks/React.framework/Info.plist ... 
749 bytes for ./Frameworks/React.framework/Info.plist
2026-01-07 12:34:29 +0000  copying file ./Frameworks/ReactNativeDependencies.framework/_CodeSignature/CodeResources ... 
2026-01-07 12:34:29 +0000  3548 bytes for ./Frameworks/ReactNativeDependencies.framework/_CodeSignature/CodeResources
2026-01-07 12:34:29 +0000  copying file ./Frameworks/ReactNativeDependencies.framework/ReactNativeDependencies_folly.bundle/PrivacyInfo.xcprivacy ... 
2026-01-07 12:34:29 +0000  552 bytes for ./Frameworks/ReactNativeDependencies.framework/ReactNativeDependencies_folly.bundle/PrivacyInfo.xcprivacy
2026-01-07 12:34:29 +0000  copying file ./Frameworks/ReactNativeDependencies.framework/ReactNativeDependencies_folly.bundle/Info.plist ... 
2026-01-07 12:34:29 +0000  690 bytes for ./Frameworks/ReactNativeDependencies.framework/ReactNativeDependencies_folly.bundle/Info.plist
2026-01-07 12:34:29 +0000  copying file ./Frameworks/ReactNativeDependencies.framework/ReactNativeDependencies ... 
2026-01-07 12:34:29 +0000  1279904 bytes for ./Frameworks/ReactNativeDependencies.framework/ReactNativeDependencies
2026-01-07 12:34:29 +0000  copying file ./Frameworks/ReactNativeDependencies.framework/ReactNativeDependencies_glog.bundle/PrivacyInfo.xcprivacy ... 
2026-01-07 12:34:29 +0000  552 bytes for ./Frameworks/ReactNativeDependencies.framework/ReactNativeDependencies_glog.bundle/PrivacyInfo.xcprivacy
2026-01-07 12:34:29 +0000  copying file ./Frameworks/ReactNativeDependencies.framework/ReactNativeDependencies_glog.bundle/Info.plist ... 
2026-01-07 12:34:29 +0000  688 bytes for ./Frameworks/ReactNativeDependencies.framework/ReactNativeDependencies_glog.bundle/Info.plist
2026-01-07 12:34:29 +0000  copying file ./Frameworks/ReactNativeDependencies.framework/ReactNativeDependencies_boost.bundle/PrivacyInfo.xcprivacy ... 
2026-01-07 12:34:29 +0000  776 bytes for ./Frameworks/ReactNativeDependencies.framework/ReactNativeDependencies_boost.bundle/PrivacyInfo.xcprivacy
2026-01-07 12:34:29 +0000  copying file ./Frameworks/ReactNativeDependencies.framework/ReactNativeDependencies_boost.bundle/Info.plist ... 
2026-01-07 12:34:29 +0000  690 bytes for ./Frameworks/ReactNativeDependencies.framework/ReactNativeDependencies_boost.bundle/Info.plist
2026-01-07 12:34:29 +0000  copying file ./Frameworks/ReactNativeDependencies.framework/Info.plist ... 
2026-01-07 12:34:29 +0000  782 bytes for ./Frameworks/ReactNativeDependencies.framework/Info.plist
2026-01-07 12:34:29 +0000  copying file ./Frameworks/hermes.framework/_CodeSignature/CodeResources ... 
2026-01-07 12:34:29 +0000  1798 bytes for ./Frameworks/hermes.framework/_CodeSignature/CodeResources
2026-01-07 12:34:29 +0000  copying file ./Frameworks/hermes.framework/hermes ... 
2026-01-07 12:34:29 +0000  4728080 bytes for ./Frameworks/hermes.framework/hermes
2026-01-07 12:34:29 +0000  copying file ./Frameworks/hermes.framework/Info.plist ... 
859 bytes for ./Frameworks/hermes.framework/Info.plist
copying file ./embedded.mobileprovision ... 
2026-01-07 12:34:29 +0000  12568 bytes for ./embedded.mobileprovision
2026-01-07 12:34:29 +0000  copying file ./assets/node_modules/@react-navigation/elements/lib/module/assets/back-icon@3x.png ... 
2026-01-07 12:34:29 +0000  761 bytes for ./assets/node_modules/@react-navigation/elements/lib/module/assets/back-icon@3x.png
2026-01-07 12:34:29 +0000  copying file ./assets/node_modules/@react-navigation/elements/lib/module/assets/back-icon@2x.png ... 
2026-01-07 12:34:29 +0000  405 bytes for ./assets/node_modules/@react-navigation/elements/lib/module/assets/back-icon@2x.png
2026-01-07 12:34:29 +0000  copying file ./assets/node_modules/@react-navigation/elements/lib/module/assets/search-icon@2x.png ... 
2026-01-07 12:34:29 +0000  589 bytes for ./assets/node_modules/@react-navigation/elements/lib/module/assets/search-icon@2x.png
2026-01-07 12:34:29 +0000  copying file ./assets/node_modules/@react-navigation/elements/lib/module/assets/clear-icon@3x.png ... 
2026-01-07 12:34:29 +0000  502 bytes for ./assets/node_modules/@react-navigation/elements/lib/module/assets/clear-icon@3x.png
2026-01-07 12:34:29 +0000  copying file ./assets/node_modules/@react-navigation/elements/lib/module/assets/back-icon.png ... 
2026-01-07 12:34:29 +0000  290 bytes for ./assets/node_modules/@react-navigation/elements/lib/module/assets/back-icon.png
2026-01-07 12:34:29 +0000  copying file ./assets/node_modules/@react-navigation/elements/lib/module/assets/clear-icon@2x.png ... 
2026-01-07 12:34:29 +0000  334 bytes for ./assets/node_modules/@react-navigation/elements/lib/module/assets/clear-icon@2x.png
2026-01-07 12:34:29 +0000  copying file ./assets/node_modules/@react-navigation/elements/lib/module/assets/search-icon@3x.png ... 
2026-01-07 12:34:29 +0000  839 bytes for ./assets/node_modules/@react-navigation/elements/lib/module/assets/search-icon@3x.png
2026-01-07 12:34:29 +0000  copying file ./assets/node_modules/@react-navigation/elements/lib/module/assets/close-icon.png ... 
2026-01-07 12:34:29 +0000  141 bytes for ./assets/node_modules/@react-navigation/elements/lib/module/assets/close-icon.png
2026-01-07 12:34:29 +0000  copying file ./assets/node_modules/@react-navigation/elements/lib/module/assets/back-icon-mask.png ... 
2026-01-07 12:34:29 +0000  653 bytes for ./assets/node_modules/@react-navigation/elements/lib/module/assets/back-icon-mask.png
2026-01-07 12:34:29 +0000  copying file ./assets/node_modules/@react-navigation/elements/lib/module/assets/close-icon@2x.png ... 
2026-01-07 12:34:29 +0000  201 bytes for ./assets/node_modules/@react-navigation/elements/lib/module/assets/close-icon@2x.png
2026-01-07 12:34:29 +0000  copying file ./assets/node_modules/@react-navigation/elements/lib/module/assets/close-icon@3x.png ... 
2026-01-07 12:34:29 +0000  266 bytes for ./assets/node_modules/@react-navigation/elements/lib/module/assets/close-icon@3x.png
2026-01-07 12:34:29 +0000  copying file ./assets/node_modules/@react-navigation/elements/lib/module/assets/clear-icon.png ... 
2026-01-07 12:34:29 +0000  220 bytes for ./assets/node_modules/@react-navigation/elements/lib/module/assets/clear-icon.png
2026-01-07 12:34:29 +0000  copying file ./assets/node_modules/@react-navigation/elements/lib/module/assets/search-icon.png ... 
2026-01-07 12:34:29 +0000  317 bytes for ./assets/node_modules/@react-navigation/elements/lib/module/assets/search-icon.png
2026-01-07 12:34:29 +0000  copying file ./assets/node_modules/@expo/vector-icons/build/vendor/react-native-vector-icons/Fonts/Fontisto.ttf ... 
2026-01-07 12:34:29 +0000  313528 bytes for ./assets/node_modules/@expo/vector-icons/build/vendor/react-native-vector-icons/Fonts/Fontisto.ttf
2026-01-07 12:34:29 +0000  copying file ./assets/node_modules/@expo/vector-icons/build/vendor/react-native-vector-icons/Fonts/Octicons.ttf ... 
2026-01-07 12:34:29 +0000  69436 bytes for ./assets/node_modules/@expo/vector-icons/build/vendor/react-native-vector-icons/Fonts/Octicons.ttf
2026-01-07 12:34:29 +0000  copying file ./assets/node_modules/@expo/vector-icons/build/vendor/react-native-vector-icons/Fonts/Feather.ttf ... 
2026-01-07 12:34:29 +0000  55596 bytes for ./assets/node_modules/@expo/vector-icons/build/vendor/react-native-vector-icons/Fonts/Feather.ttf
2026-01-07 12:34:29 +0000  copying file ./assets/node_modules/@expo/vector-icons/build/vendor/react-native-vector-icons/Fonts/FontAwesome6_Regular.ttf ... 
2026-01-07 12:34:29 +0000  67976 bytes for ./assets/node_modules/@expo/vector-icons/build/vendor/react-native-vector-icons/Fonts/FontAwesome6_Regular.ttf
2026-01-07 12:34:29 +0000  copying file ./assets/node_modules/@expo/vector-icons/build/vendor/react-native-vector-icons/Fonts/Entypo.ttf ... 
2026-01-07 12:34:29 +0000  66200 bytes for ./assets/node_modules/@expo/vector-icons/build/vendor/react-native-vector-icons/Fonts/Entypo.ttf
2026-01-07 12:34:29 +0000  copying file ./assets/node_modules/@expo/vector-icons/build/vendor/react-native-vector-icons/Fonts/FontAwesome5_Brands.ttf ... 
2026-01-07 12:34:29 +0000  134040 bytes for ./assets/node_modules/@expo/vector-icons/build/vendor/react-native-vector-icons/Fonts/FontAwesome5_Brands.ttf
2026-01-07 12:34:29 +0000  copying file ./assets/node_modules/@expo/vector-icons/build/vendor/react-native-vector-icons/Fonts/MaterialCommunityIcons.ttf ... 
2026-01-07 12:34:29 +0000  1307660 bytes for ./assets/node_modules/@expo/vector-icons/build/vendor/react-native-vector-icons/Fonts/MaterialCommunityIcons.ttf
2026-01-07 12:34:29 +0000  copying file ./assets/node_modules/@expo/vector-icons/build/vendor/react-native-vector-icons/Fonts/AntDesign.ttf ... 
2026-01-07 12:34:29 +0000  130484 bytes for ./assets/node_modules/@expo/vector-icons/build/vendor/react-native-vector-icons/Fonts/AntDesign.ttf
2026-01-07 12:34:29 +0000  copying file ./assets/node_modules/@expo/vector-icons/build/vendor/react-native-vector-icons/Fonts/Foundation.ttf ... 
2026-01-07 12:34:29 +0000  56976 bytes for ./assets/node_modules/@expo/vector-icons/build/vendor/react-native-vector-icons/Fonts/Foundation.ttf
2026-01-07 12:34:29 +0000  copying file ./assets/node_modules/@expo/vector-icons/build/vendor/react-native-vector-icons/Fonts/Ionicons.ttf ... 
2026-01-07 12:34:29 +0000  389724 bytes for ./assets/node_modules/@expo/vector-icons/build/vendor/react-native-vector-icons/Fonts/Ionicons.ttf
2026-01-07 12:34:29 +0000  copying file ./assets/node_modules/@expo/vector-icons/build/vendor/react-native-vector-icons/Fonts/FontAwesome5_Solid.ttf ... 
2026-01-07 12:34:29 +0000  202744 bytes for ./assets/node_modules/@expo/vector-icons/build/vendor/react-native-vector-icons/Fonts/FontAwesome5_Solid.ttf
2026-01-07 12:34:29 +0000  copying file ./assets/node_modules/@expo/vector-icons/build/vendor/react-native-vector-icons/Fonts/FontAwesome5_Regular.ttf ... 
2026-01-07 12:34:29 +0000  33736 bytes for ./assets/node_modules/@expo/vector-icons/build/vendor/react-native-vector-icons/Fonts/FontAwesome5_Regular.ttf
2026-01-07 12:34:29 +0000  copying file ./assets/node_modules/@expo/vector-icons/build/vendor/react-native-vector-icons/Fonts/FontAwesome.ttf ... 
2026-01-07 12:34:29 +0000  165548 bytes for ./assets/node_modules/@expo/vector-icons/build/vendor/react-native-vector-icons/Fonts/FontAwesome.ttf
2026-01-07 12:34:29 +0000  copying file ./assets/node_modules/@expo/vector-icons/build/vendor/react-native-vector-icons/Fonts/Zocial.ttf ... 
2026-01-07 12:34:29 +0000  25788 bytes for ./assets/node_modules/@expo/vector-icons/build/vendor/react-native-vector-icons/Fonts/Zocial.ttf
2026-01-07 12:34:29 +0000  copying file ./assets/node_modules/@expo/vector-icons/build/vendor/react-native-vector-icons/Fonts/EvilIcons.ttf ... 
2026-01-07 12:34:29 +0000  13456 bytes for ./assets/node_modules/@expo/vector-icons/build/vendor/react-native-vector-icons/Fonts/EvilIcons.ttf
2026-01-07 12:34:29 +0000  copying file ./assets/node_modules/@expo/vector-icons/build/vendor/react-native-vector-icons/Fonts/FontAwesome6_Solid.ttf ... 
2026-01-07 12:34:29 +0000  423676 bytes for ./assets/node_modules/@expo/vector-icons/build/vendor/react-native-vector-icons/Fonts/FontAwesome6_Solid.ttf
2026-01-07 12:34:29 +0000  copying file ./assets/node_modules/@expo/vector-icons/build/vendor/react-native-vector-icons/Fonts/SimpleLineIcons.ttf ... 
2026-01-07 12:34:29 +0000  54056 bytes for ./assets/node_modules/@expo/vector-icons/build/vendor/react-native-vector-icons/Fonts/SimpleLineIcons.ttf
2026-01-07 12:34:29 +0000  copying file ./assets/node_modules/@expo/vector-icons/build/vendor/react-native-vector-icons/Fonts/FontAwesome6_Brands.ttf ... 
2026-01-07 12:34:29 +0000  209376 bytes for ./assets/node_modules/@expo/vector-icons/build/vendor/react-native-vector-icons/Fonts/FontAwesome6_Brands.ttf
2026-01-07 12:34:29 +0000  copying file ./assets/node_modules/@expo/vector-icons/build/vendor/react-native-vector-icons/Fonts/MaterialIcons.ttf ... 
2026-01-07 12:34:29 +0000  356840 bytes for ./assets/node_modules/@expo/vector-icons/build/vendor/react-native-vector-icons/Fonts/MaterialIcons.ttf
2026-01-07 12:34:29 +0000  copying file ./assets/node_modules/expo-router/assets/pkg.png ... 
2026-01-07 12:34:29 +0000  364 bytes for ./assets/node_modules/expo-router/assets/pkg.png
2026-01-07 12:34:29 +0000  copying file ./assets/node_modules/expo-router/assets/unmatched.png ... 
2026-01-07 12:34:29 +0000  4752 bytes for ./assets/node_modules/expo-router/assets/unmatched.png
2026-01-07 12:34:29 +0000  copying file ./assets/node_modules/expo-router/assets/file.png ... 
2026-01-07 12:34:29 +0000  138 bytes for ./assets/node_modules/expo-router/assets/file.png
2026-01-07 12:34:29 +0000  copying file ./assets/node_modules/expo-router/assets/forward.png ... 
2026-01-07 12:34:29 +0000  188 bytes for ./assets/node_modules/expo-router/assets/forward.png
2026-01-07 12:34:29 +0000  copying file ./assets/node_modules/expo-router/assets/error.png ... 
2026-01-07 12:34:29 +0000  469 bytes for ./assets/node_modules/expo-router/assets/error.png
2026-01-07 12:34:29 +0000  copying file ./assets/node_modules/expo-router/assets/sitemap.png ... 
2026-01-07 12:34:29 +0000  465 bytes for ./assets/node_modules/expo-router/assets/sitemap.png
2026-01-07 12:34:29 +0000  copying file ./assets/node_modules/expo-router/assets/arrow_down.png ... 
2026-01-07 12:34:29 +0000  9456 bytes for ./assets/node_modules/expo-router/assets/arrow_down.png
2026-01-07 12:34:29 +0000  copying file ./assets/node_modules/react-native-calendars/src/calendar/img/previous@2x.png ... 
2026-01-07 12:34:29 +0000  458 bytes for ./assets/node_modules/react-native-calendars/src/calendar/img/previous@2x.png
2026-01-07 12:34:29 +0000  copying file ./assets/node_modules/react-native-calendars/src/calendar/img/next@2x.png ... 
2026-01-07 12:34:29 +0000  462 bytes for ./assets/node_modules/react-native-calendars/src/calendar/img/next@2x.png
2026-01-07 12:34:29 +0000  copying file ./assets/node_modules/react-native-calendars/src/img/down@3x.png ... 
2026-01-07 12:34:29 +0000  508 bytes for ./assets/node_modules/react-native-calendars/src/img/down@3x.png
2026-01-07 12:34:29 +0000  copying file ./assets/node_modules/react-native-calendars/src/img/down@2x.png ... 
2026-01-07 12:34:29 +0000  354 bytes for ./assets/node_modules/react-native-calendars/src/img/down@2x.png
2026-01-07 12:34:29 +0000  copying file ./assets/node_modules/react-native-calendars/src/img/up.png ... 
2026-01-07 12:34:29 +0000  215 bytes for ./assets/node_modules/react-native-calendars/src/img/up.png
2026-01-07 12:34:29 +0000  copying file ./assets/node_modules/react-native-calendars/src/img/down.png ... 
2026-01-07 12:34:29 +0000  208 bytes for ./assets/node_modules/react-native-calendars/src/img/down.png
2026-01-07 12:34:29 +0000  copying file ./assets/node_modules/react-native-calendars/src/img/up@2x.png ... 
2026-01-07 12:34:29 +0000  347 bytes for ./assets/node_modules/react-native-calendars/src/img/up@2x.png
2026-01-07 12:34:29 +0000  copying file ./assets/node_modules/react-native-calendars/src/img/up@3x.png ... 
2026-01-07 12:34:29 +0000  504 bytes for ./assets/node_modules/react-native-calendars/src/img/up@3x.png
2026-01-07 12:34:29 +0000  copying file ./SedariMobile ... 
2026-01-07 12:34:29 +0000  3104704 bytes for ./SedariMobile
2026-01-07 12:34:29 +0000  copying file ./Info.plist ... 
2026-01-07 12:34:29 +0000  1819 bytes for ./Info.plist
2026-01-07 12:34:29 +0000  copying file ./Expo.plist ... 
2026-01-07 12:34:29 +0000  132 bytes for ./Expo.plist
2026-01-07 12:34:29 +0000  copying file ./RNCAsyncStorage_resources.bundle/PrivacyInfo.xcprivacy ... 
2026-01-07 12:34:29 +0000  512 bytes for ./RNCAsyncStorage_resources.bundle/PrivacyInfo.xcprivacy
2026-01-07 12:34:29 +0000  copying file ./RNCAsyncStorage_resources.bundle/Info.plist ... 
2026-01-07 12:34:29 +0000  795 bytes for ./RNCAsyncStorage_resources.bundle/Info.plist
2026-01-07 12:34:29 +0000  copying file ./PkgInfo ... 
2026-01-07 12:34:29 +0000  8 bytes for ./PkgInfo
2026-01-07 12:34:29 +0000  copying file ./React-Core_privacy.bundle/PrivacyInfo.xcprivacy ... 
2026-01-07 12:34:29 +0000  768 bytes for ./React-Core_privacy.bundle/PrivacyInfo.xcprivacy
2026-01-07 12:34:29 +0000  copying file ./React-Core_privacy.bundle/Info.plist ... 
2026-01-07 12:34:29 +0000  782 bytes for ./React-Core_privacy.bundle/Info.plist
2026-01-07 12:34:29 +0000  /usr/bin/ditto exited with 0
2026-01-07 12:34:29 +0000  Processing step: IDEDistributionEmbedProfileStep
2026-01-07 12:34:29 +0000  Skipping profile for item: <IDEDistributionItem: 0xc5894aca0; bundleID='react-native.React', path='<DVTFilePath:0xc588884e0:'/Users/rachmataditiya/Library/Developer/Xcode/Archives/2026-01-07/SedariMobile 07-01-26, 19.33.xcarchive/Products/Applications/SedariMobile.app/Frameworks/React.framework'>', codeSigningInfo='<_DVTCodeSigningInformation_Path: 0xc5894a2e0; isSigned='1', isAdHocSigned='0', signingCertificate='<DVTSigningCertificate: 0xc86339380; name='Apple Distribution: ARKANA SOLUSI DIGITAL, PT (92A7XJUSA8)', hash='35446AC32FAA05A6D593DA71A7C3586FEC6CF118', serialNumber='59AE9EFCABFCB3B09C8C6D728AFC7D31', certificateKinds='(
    "1.2.840.113635.100.6.1.7",
    "1.2.840.113635.100.6.1.4"
), issueDate='2025-07-01 09:42:35 +0000''>', entitlements='(null)', teamID='92A7XJUSA8', identifier='react-native.React', executablePath='<DVTFilePath:0xc588887e0:'/Users/rachmataditiya/Library/Developer/Xcode/Archives/2026-01-07/SedariMobile 07-01-26, 19.33.xcarchive/Products/Applications/SedariMobile.app/Frameworks/React.framework/React'>', hardenedRuntime='0'>'>
2026-01-07 12:34:29 +0000  Skipping profile for item: <IDEDistributionItem: 0xc5894af40; bundleID='third-party.ReactNativeDependencies', path='<DVTFilePath:0xc58e78b00:'/Users/rachmataditiya/Library/Developer/Xcode/Archives/2026-01-07/SedariMobile 07-01-26, 19.33.xcarchive/Products/Applications/SedariMobile.app/Frameworks/ReactNativeDependencies.framework'>', codeSigningInfo='<_DVTCodeSigningInformation_Path: 0xc5894b240; isSigned='1', isAdHocSigned='0', signingCertificate='<DVTSigningCertificate: 0xc86339380; name='Apple Distribution: ARKANA SOLUSI DIGITAL, PT (92A7XJUSA8)', hash='35446AC32FAA05A6D593DA71A7C3586FEC6CF118', serialNumber='59AE9EFCABFCB3B09C8C6D728AFC7D31', certificateKinds='(
    "1.2.840.113635.100.6.1.7",
    "1.2.840.113635.100.6.1.4"
), issueDate='2025-07-01 09:42:35 +0000''>', entitlements='(null)', teamID='92A7XJUSA8', identifier='third-party.ReactNativeDependencies', executablePath='<DVTFilePath:0xc861318f0:'/Users/rachmataditiya/Library/Developer/Xcode/Archives/2026-01-07/SedariMobile 07-01-26, 19.33.xcarchive/Products/Applications/SedariMobile.app/Frameworks/ReactNativeDependencies.framework/ReactNativeDependencies'>', hardenedRuntime='0'>'>
2026-01-07 12:34:29 +0000  Skipping profile for item: <IDEDistributionItem: 0xc5894b0c0; bundleID='dev.hermesengine.iphoneos', path='<DVTFilePath:0xc86131a40:'/Users/rachmataditiya/Library/Developer/Xcode/Archives/2026-01-07/SedariMobile 07-01-26, 19.33.xcarchive/Products/Applications/SedariMobile.app/Frameworks/hermes.framework'>', codeSigningInfo='<_DVTCodeSigningInformation_Path: 0xc58949a40; isSigned='1', isAdHocSigned='0', signingCertificate='<DVTSigningCertificate: 0xc86339380; name='Apple Distribution: ARKANA SOLUSI DIGITAL, PT (92A7XJUSA8)', hash='35446AC32FAA05A6D593DA71A7C3586FEC6CF118', serialNumber='59AE9EFCABFCB3B09C8C6D728AFC7D31', certificateKinds='(
    "1.2.840.113635.100.6.1.7",
    "1.2.840.113635.100.6.1.4"
), issueDate='2025-07-01 09:42:35 +0000''>', entitlements='(null)', teamID='92A7XJUSA8', identifier='dev.hermesengine.iphoneos', executablePath='<DVTFilePath:0xc58888360:'/Users/rachmataditiya/Library/Developer/Xcode/Archives/2026-01-07/SedariMobile 07-01-26, 19.33.xcarchive/Products/Applications/SedariMobile.app/Frameworks/hermes.framework/hermes'>', hardenedRuntime='0'>'>
2026-01-07 12:34:29 +0000  Processing step: IDEDistributionInfoPlistStep
2026-01-07 12:34:29 +0000  Skipping step: IDEDistributionInfoPlistStep because it said so
2026-01-07 12:34:29 +0000  Skipping step: IDEDistributionInfoPlistStep because it said so
2026-01-07 12:34:29 +0000  Skipping step: IDEDistributionInfoPlistStep because it said so
2026-01-07 12:34:29 +0000  Skipping step: IDEDistributionInfoPlistStep because it said so
2026-01-07 12:34:29 +0000  Processing step: IDEDistributionAppThinningPlistStep
2026-01-07 12:34:29 +0000  Skipping step: IDEDistributionAppThinningPlistStep because it said so
2026-01-07 12:34:29 +0000  Processing step: IDEDistributionSymbolsStep
2026-01-07 12:34:29 +0000  Skipping step: IDEDistributionSymbolsStep because it said so
2026-01-07 12:34:29 +0000  Processing step: IDEDistributionAppThinningStep
2026-01-07 12:34:29 +0000  Skipping step: IDEDistributionAppThinningStep because it said so
2026-01-07 12:34:29 +0000  Processing step: IDEDistributionArchThinningStep
2026-01-07 12:34:29 +0000  Archs to thin for item /Users/rachmataditiya/Library/Developer/Xcode/Archives/2026-01-07/SedariMobile 07-01-26, 19.33.xcarchive/Products/Applications/SedariMobile.app/Frameworks/React.framework are []
2026-01-07 12:34:29 +0000  Archs to thin for item /Users/rachmataditiya/Library/Developer/Xcode/Archives/2026-01-07/SedariMobile 07-01-26, 19.33.xcarchive/Products/Applications/SedariMobile.app/Frameworks/ReactNativeDependencies.framework are []
2026-01-07 12:34:29 +0000  Archs to thin for item /Users/rachmataditiya/Library/Developer/Xcode/Archives/2026-01-07/SedariMobile 07-01-26, 19.33.xcarchive/Products/Applications/SedariMobile.app/Frameworks/hermes.framework are []
2026-01-07 12:34:29 +0000  Archs to thin for item /Users/rachmataditiya/Library/Developer/Xcode/Archives/2026-01-07/SedariMobile 07-01-26, 19.33.xcarchive/Products/Applications/SedariMobile.app are []
2026-01-07 12:34:29 +0000  Processing step: IDEDistributionODRStep
2026-01-07 12:34:29 +0000  Processing step: IDEDistributionStripXattrsStep
2026-01-07 12:34:29 +0000  Skipping stripping extended attributes because the codesign step will strip them.
2026-01-07 12:34:29 +0000  Skipping stripping extended attributes because the codesign step will strip them.
2026-01-07 12:34:29 +0000  Skipping stripping extended attributes because the codesign step will strip them.
2026-01-07 12:34:29 +0000  Skipping stripping extended attributes because the codesign step will strip them.
2026-01-07 12:34:29 +0000  Processing step: IDEDistributionCodesignStep
2026-01-07 12:34:29 +0000  Entitlements for <IDEDistributionItem: 0xc5894aca0; bundleID='react-native.React', path='<DVTFilePath:0xc588884e0:'/Users/rachmataditiya/Library/Developer/Xcode/Archives/2026-01-07/SedariMobile 07-01-26, 19.33.xcarchive/Products/Applications/SedariMobile.app/Frameworks/React.framework'>', codeSigningInfo='<_DVTCodeSigningInformation_Path: 0xc5894a2e0; isSigned='1', isAdHocSigned='0', signingCertificate='<DVTSigningCertificate: 0xc86339380; name='Apple Distribution: ARKANA SOLUSI DIGITAL, PT (92A7XJUSA8)', hash='35446AC32FAA05A6D593DA71A7C3586FEC6CF118', serialNumber='59AE9EFCABFCB3B09C8C6D728AFC7D31', certificateKinds='(
    "1.2.840.113635.100.6.1.7",
    "1.2.840.113635.100.6.1.4"
), issueDate='2025-07-01 09:42:35 +0000''>', entitlements='(null)', teamID='92A7XJUSA8', identifier='react-native.React', executablePath='<DVTFilePath:0xc588887e0:'/Users/rachmataditiya/Library/Developer/Xcode/Archives/2026-01-07/SedariMobile 07-01-26, 19.33.xcarchive/Products/Applications/SedariMobile.app/Frameworks/React.framework/React'>', hardenedRuntime='0'>'>: {
}
2026-01-07 12:34:29 +0000  Associated App Clip Identifiers Filter: Skipping because "com.apple.developer.associated-appclip-app-identifiers" is not present
2026-01-07 12:34:29 +0000  Entitlements for <IDEDistributionItem: 0xc5894aca0; bundleID='react-native.React', path='<DVTFilePath:0xc588884e0:'/Users/rachmataditiya/Library/Developer/Xcode/Archives/2026-01-07/SedariMobile 07-01-26, 19.33.xcarchive/Products/Applications/SedariMobile.app/Frameworks/React.framework'>', codeSigningInfo='<_DVTCodeSigningInformation_Path: 0xc5894a2e0; isSigned='1', isAdHocSigned='0', signingCertificate='<DVTSigningCertificate: 0xc8633bd80; name='Apple Distribution: ARKANA SOLUSI DIGITAL, PT (92A7XJUSA8)', hash='35446AC32FAA05A6D593DA71A7C3586FEC6CF118', serialNumber='59AE9EFCABFCB3B09C8C6D728AFC7D31', certificateKinds='(
    "1.2.840.113635.100.6.1.7",
    "1.2.840.113635.100.6.1.4"
), issueDate='2025-07-01 09:42:35 +0000''>', entitlements='(null)', teamID='92A7XJUSA8', identifier='react-native.React', executablePath='<DVTFilePath:0xc588887e0:'/Users/rachmataditiya/Library/Developer/Xcode/Archives/2026-01-07/SedariMobile 07-01-26, 19.33.xcarchive/Products/Applications/SedariMobile.app/Frameworks/React.framework/React'>', hardenedRuntime='0'>'> are: {
}
2026-01-07 12:34:29 +0000  Writing entitlements for <IDEDistributionItem: 0xc5894aca0; bundleID='react-native.React', path='<DVTFilePath:0xc588884e0:'/Users/rachmataditiya/Library/Developer/Xcode/Archives/2026-01-07/SedariMobile 07-01-26, 19.33.xcarchive/Products/Applications/SedariMobile.app/Frameworks/React.framework'>', codeSigningInfo='<_DVTCodeSigningInformation_Path: 0xc5894a2e0; isSigned='1', isAdHocSigned='0', signingCertificate='<DVTSigningCertificate: 0xc8633bd80; name='Apple Distribution: ARKANA SOLUSI DIGITAL, PT (92A7XJUSA8)', hash='35446AC32FAA05A6D593DA71A7C3586FEC6CF118', serialNumber='59AE9EFCABFCB3B09C8C6D728AFC7D31', certificateKinds='(
    "1.2.840.113635.100.6.1.7",
    "1.2.840.113635.100.6.1.4"
), issueDate='2025-07-01 09:42:35 +0000''>', entitlements='(null)', teamID='92A7XJUSA8', identifier='react-native.React', executablePath='<DVTFilePath:0xc588887e0:'/Users/rachmataditiya/Library/Developer/Xcode/Archives/2026-01-07/SedariMobile 07-01-26, 19.33.xcarchive/Products/Applications/SedariMobile.app/Frameworks/React.framework/React'>', hardenedRuntime='0'>'> to: /var/folders/5r/zb8_mr3j4bxdx5y6xb4mznfm0000gn/T/XcodeDistPipeline.~~~YCtFNn/entitlements~~~XGg1Jk
2026-01-07 12:34:29 +0000  invoking codesign: <NSConcreteTask: 0xc86627160; launchPath='/usr/bin/codesign', arguments='(
    "-f",
    "-s",
    35446AC32FAA05A6D593DA71A7C3586FEC6CF118,
    "--entitlements",
    "/var/folders/5r/zb8_mr3j4bxdx5y6xb4mznfm0000gn/T/XcodeDistPipeline.~~~YCtFNn/entitlements~~~XGg1Jk",
    "--preserve-metadata=identifier,flags,runtime,launch-constraints,library-constraints",
    "--generate-entitlement-der",
    "--strip-disallowed-xattrs",
    "-vvv",
    "/var/folders/5r/zb8_mr3j4bxdx5y6xb4mznfm0000gn/T/XcodeDistPipeline.~~~YCtFNn/Root/Payload/SedariMobile.app/Frameworks/React.framework"
)'>
2026-01-07 12:34:29 +0000  codesign output: /var/folders/5r/zb8_mr3j4bxdx5y6xb4mznfm0000gn/T/XcodeDistPipeline.~~~YCtFNn/Root/Payload/SedariMobile.app/Frameworks/React.framework: replacing existing signature
/var/folders/5r/zb8_mr3j4bxdx5y6xb4mznfm0000gn/T/XcodeDistPipeline.~~~YCtFNn/Root/Payload/SedariMobile.app/Frameworks/React.framework: signed bundle with Mach-O thin (arm64) [react-native.React]
2026-01-07 12:34:29 +0000  Entitlements for <IDEDistributionItem: 0xc5894af40; bundleID='third-party.ReactNativeDependencies', path='<DVTFilePath:0xc58e78b00:'/Users/rachmataditiya/Library/Developer/Xcode/Archives/2026-01-07/SedariMobile 07-01-26, 19.33.xcarchive/Products/Applications/SedariMobile.app/Frameworks/ReactNativeDependencies.framework'>', codeSigningInfo='<_DVTCodeSigningInformation_Path: 0xc5894b240; isSigned='1', isAdHocSigned='0', signingCertificate='<DVTSigningCertificate: 0xc86339380; name='Apple Distribution: ARKANA SOLUSI DIGITAL, PT (92A7XJUSA8)', hash='35446AC32FAA05A6D593DA71A7C3586FEC6CF118', serialNumber='59AE9EFCABFCB3B09C8C6D728AFC7D31', certificateKinds='(
    "1.2.840.113635.100.6.1.7",
    "1.2.840.113635.100.6.1.4"
), issueDate='2025-07-01 09:42:35 +0000''>', entitlements='(null)', teamID='92A7XJUSA8', identifier='third-party.ReactNativeDependencies', executablePath='<DVTFilePath:0xc861318f0:'/Users/rachmataditiya/Library/Developer/Xcode/Archives/2026-01-07/SedariMobile 07-01-26, 19.33.xcarchive/Products/Applications/SedariMobile.app/Frameworks/ReactNativeDependencies.framework/ReactNativeDependencies'>', hardenedRuntime='0'>'>: {
}
2026-01-07 12:34:29 +0000  Associated App Clip Identifiers Filter: Skipping because "com.apple.developer.associated-appclip-app-identifiers" is not present
2026-01-07 12:34:29 +0000  Entitlements for <IDEDistributionItem: 0xc5894af40; bundleID='third-party.ReactNativeDependencies', path='<DVTFilePath:0xc58e78b00:'/Users/rachmataditiya/Library/Developer/Xcode/Archives/2026-01-07/SedariMobile 07-01-26, 19.33.xcarchive/Products/Applications/SedariMobile.app/Frameworks/ReactNativeDependencies.framework'>', codeSigningInfo='<_DVTCodeSigningInformation_Path: 0xc5894b240; isSigned='1', isAdHocSigned='0', signingCertificate='<DVTSigningCertificate: 0xc8633bd80; name='Apple Distribution: ARKANA SOLUSI DIGITAL, PT (92A7XJUSA8)', hash='35446AC32FAA05A6D593DA71A7C3586FEC6CF118', serialNumber='59AE9EFCABFCB3B09C8C6D728AFC7D31', certificateKinds='(
    "1.2.840.113635.100.6.1.7",
    "1.2.840.113635.100.6.1.4"
), issueDate='2025-07-01 09:42:35 +0000''>', entitlements='(null)', teamID='92A7XJUSA8', identifier='third-party.ReactNativeDependencies', executablePath='<DVTFilePath:0xc861318f0:'/Users/rachmataditiya/Library/Developer/Xcode/Archives/2026-01-07/SedariMobile 07-01-26, 19.33.xcarchive/Products/Applications/SedariMobile.app/Frameworks/ReactNativeDependencies.framework/ReactNativeDependencies'>', hardenedRuntime='0'>'> are: {
}
2026-01-07 12:34:29 +0000  Writing entitlements for <IDEDistributionItem: 0xc5894af40; bundleID='third-party.ReactNativeDependencies', path='<DVTFilePath:0xc58e78b00:'/Users/rachmataditiya/Library/Developer/Xcode/Archives/2026-01-07/SedariMobile 07-01-26, 19.33.xcarchive/Products/Applications/SedariMobile.app/Frameworks/ReactNativeDependencies.framework'>', codeSigningInfo='<_DVTCodeSigningInformation_Path: 0xc5894b240; isSigned='1', isAdHocSigned='0', signingCertificate='<DVTSigningCertificate: 0xc8633bd80; name='Apple Distribution: ARKANA SOLUSI DIGITAL, PT (92A7XJUSA8)', hash='35446AC32FAA05A6D593DA71A7C3586FEC6CF118', serialNumber='59AE9EFCABFCB3B09C8C6D728AFC7D31', certificateKinds='(
    "1.2.840.113635.100.6.1.7",
    "1.2.840.113635.100.6.1.4"
), issueDate='2025-07-01 09:42:35 +0000''>', entitlements='(null)', teamID='92A7XJUSA8', identifier='third-party.ReactNativeDependencies', executablePath='<DVTFilePath:0xc861318f0:'/Users/rachmataditiya/Library/Developer/Xcode/Archives/2026-01-07/SedariMobile 07-01-26, 19.33.xcarchive/Products/Applications/SedariMobile.app/Frameworks/ReactNativeDependencies.framework/ReactNativeDependencies'>', hardenedRuntime='0'>'> to: /var/folders/5r/zb8_mr3j4bxdx5y6xb4mznfm0000gn/T/XcodeDistPipeline.~~~YCtFNn/entitlements~~~wRYTuM
2026-01-07 12:34:29 +0000  invoking codesign: <NSConcreteTask: 0xc86624ff0; launchPath='/usr/bin/codesign', arguments='(
    "-f",
    "-s",
    35446AC32FAA05A6D593DA71A7C3586FEC6CF118,
    "--entitlements",
    "/var/folders/5r/zb8_mr3j4bxdx5y6xb4mznfm0000gn/T/XcodeDistPipeline.~~~YCtFNn/entitlements~~~wRYTuM",
    "--preserve-metadata=identifier,flags,runtime,launch-constraints,library-constraints",
    "--generate-entitlement-der",
    "--strip-disallowed-xattrs",
    "-vvv",
    "/var/folders/5r/zb8_mr3j4bxdx5y6xb4mznfm0000gn/T/XcodeDistPipeline.~~~YCtFNn/Root/Payload/SedariMobile.app/Frameworks/ReactNativeDependencies.framework"
)'>
2026-01-07 12:34:29 +0000  codesign output: /var/folders/5r/zb8_mr3j4bxdx5y6xb4mznfm0000gn/T/XcodeDistPipeline.~~~YCtFNn/Root/Payload/SedariMobile.app/Frameworks/ReactNativeDependencies.framework: replacing existing signature
/var/folders/5r/zb8_mr3j4bxdx5y6xb4mznfm0000gn/T/XcodeDistPipeline.~~~YCtFNn/Root/Payload/SedariMobile.app/Frameworks/ReactNativeDependencies.framework: signed bundle with Mach-O thin (arm64) [third-party.ReactNativeDependencies]
2026-01-07 12:34:29 +0000  Entitlements for <IDEDistributionItem: 0xc5894b0c0; bundleID='dev.hermesengine.iphoneos', path='<DVTFilePath:0xc86131a40:'/Users/rachmataditiya/Library/Developer/Xcode/Archives/2026-01-07/SedariMobile 07-01-26, 19.33.xcarchive/Products/Applications/SedariMobile.app/Frameworks/hermes.framework'>', codeSigningInfo='<_DVTCodeSigningInformation_Path: 0xc58949a40; isSigned='1', isAdHocSigned='0', signingCertificate='<DVTSigningCertificate: 0xc86339380; name='Apple Distribution: ARKANA SOLUSI DIGITAL, PT (92A7XJUSA8)', hash='35446AC32FAA05A6D593DA71A7C3586FEC6CF118', serialNumber='59AE9EFCABFCB3B09C8C6D728AFC7D31', certificateKinds='(
    "1.2.840.113635.100.6.1.7",
    "1.2.840.113635.100.6.1.4"
), issueDate='2025-07-01 09:42:35 +0000''>', entitlements='(null)', teamID='92A7XJUSA8', identifier='dev.hermesengine.iphoneos', executablePath='<DVTFilePath:0xc58888360:'/Users/rachmataditiya/Library/Developer/Xcode/Archives/2026-01-07/SedariMobile 07-01-26, 19.33.xcarchive/Products/Applications/SedariMobile.app/Frameworks/hermes.framework/hermes'>', hardenedRuntime='0'>'>: {
}
2026-01-07 12:34:29 +0000  Associated App Clip Identifiers Filter: Skipping because "com.apple.developer.associated-appclip-app-identifiers" is not present
2026-01-07 12:34:29 +0000  Entitlements for <IDEDistributionItem: 0xc5894b0c0; bundleID='dev.hermesengine.iphoneos', path='<DVTFilePath:0xc86131a40:'/Users/rachmataditiya/Library/Developer/Xcode/Archives/2026-01-07/SedariMobile 07-01-26, 19.33.xcarchive/Products/Applications/SedariMobile.app/Frameworks/hermes.framework'>', codeSigningInfo='<_DVTCodeSigningInformation_Path: 0xc58949a40; isSigned='1', isAdHocSigned='0', signingCertificate='<DVTSigningCertificate: 0xc8633bd80; name='Apple Distribution: ARKANA SOLUSI DIGITAL, PT (92A7XJUSA8)', hash='35446AC32FAA05A6D593DA71A7C3586FEC6CF118', serialNumber='59AE9EFCABFCB3B09C8C6D728AFC7D31', certificateKinds='(
    "1.2.840.113635.100.6.1.7",
    "1.2.840.113635.100.6.1.4"
), issueDate='2025-07-01 09:42:35 +0000''>', entitlements='(null)', teamID='92A7XJUSA8', identifier='dev.hermesengine.iphoneos', executablePath='<DVTFilePath:0xc58888360:'/Users/rachmataditiya/Library/Developer/Xcode/Archives/2026-01-07/SedariMobile 07-01-26, 19.33.xcarchive/Products/Applications/SedariMobile.app/Frameworks/hermes.framework/hermes'>', hardenedRuntime='0'>'> are: {
}
2026-01-07 12:34:29 +0000  Writing entitlements for <IDEDistributionItem: 0xc5894b0c0; bundleID='dev.hermesengine.iphoneos', path='<DVTFilePath:0xc86131a40:'/Users/rachmataditiya/Library/Developer/Xcode/Archives/2026-01-07/SedariMobile 07-01-26, 19.33.xcarchive/Products/Applications/SedariMobile.app/Frameworks/hermes.framework'>', codeSigningInfo='<_DVTCodeSigningInformation_Path: 0xc58949a40; isSigned='1', isAdHocSigned='0', signingCertificate='<DVTSigningCertificate: 0xc8633bd80; name='Apple Distribution: ARKANA SOLUSI DIGITAL, PT (92A7XJUSA8)', hash='35446AC32FAA05A6D593DA71A7C3586FEC6CF118', serialNumber='59AE9EFCABFCB3B09C8C6D728AFC7D31', certificateKinds='(
    "1.2.840.113635.100.6.1.7",
    "1.2.840.113635.100.6.1.4"
), issueDate='2025-07-01 09:42:35 +0000''>', entitlements='(null)', teamID='92A7XJUSA8', identifier='dev.hermesengine.iphoneos', executablePath='<DVTFilePath:0xc58888360:'/Users/rachmataditiya/Library/Developer/Xcode/Archives/2026-01-07/SedariMobile 07-01-26, 19.33.xcarchive/Products/Applications/SedariMobile.app/Frameworks/hermes.framework/hermes'>', hardenedRuntime='0'>'> to: /var/folders/5r/zb8_mr3j4bxdx5y6xb4mznfm0000gn/T/XcodeDistPipeline.~~~YCtFNn/entitlements~~~l6Q3fS
2026-01-07 12:34:29 +0000  invoking codesign: <NSConcreteTask: 0xc85e61a40; launchPath='/usr/bin/codesign', arguments='(
    "-f",
    "-s",
    35446AC32FAA05A6D593DA71A7C3586FEC6CF118,
    "--entitlements",
    "/var/folders/5r/zb8_mr3j4bxdx5y6xb4mznfm0000gn/T/XcodeDistPipeline.~~~YCtFNn/entitlements~~~l6Q3fS",
    "--preserve-metadata=identifier,flags,runtime,launch-constraints,library-constraints",
    "--generate-entitlement-der",
    "--strip-disallowed-xattrs",
    "-vvv",
    "/var/folders/5r/zb8_mr3j4bxdx5y6xb4mznfm0000gn/T/XcodeDistPipeline.~~~YCtFNn/Root/Payload/SedariMobile.app/Frameworks/hermes.framework"
)'>
2026-01-07 12:34:29 +0000  codesign output: /var/folders/5r/zb8_mr3j4bxdx5y6xb4mznfm0000gn/T/XcodeDistPipeline.~~~YCtFNn/Root/Payload/SedariMobile.app/Frameworks/hermes.framework: replacing existing signature
/var/folders/5r/zb8_mr3j4bxdx5y6xb4mznfm0000gn/T/XcodeDistPipeline.~~~YCtFNn/Root/Payload/SedariMobile.app/Frameworks/hermes.framework: signed bundle with Mach-O thin (arm64) [dev.hermesengine.iphoneos]
2026-01-07 12:34:29 +0000  Entitlements for <IDEDistributionItem: 0xc589484e0; bundleID='com.sedari.mobile', path='<DVTFilePath:0xc854cf250:'/Users/rachmataditiya/Library/Developer/Xcode/Archives/2026-01-07/SedariMobile 07-01-26, 19.33.xcarchive/Products/Applications/SedariMobile.app'>', codeSigningInfo='<_DVTCodeSigningInformation_Path: 0xc5894ad60; isSigned='1', isAdHocSigned='0', signingCertificate='<DVTSigningCertificate: 0xc86339380; name='Apple Distribution: ARKANA SOLUSI DIGITAL, PT (92A7XJUSA8)', hash='35446AC32FAA05A6D593DA71A7C3586FEC6CF118', serialNumber='59AE9EFCABFCB3B09C8C6D728AFC7D31', certificateKinds='(
    "1.2.840.113635.100.6.1.7",
    "1.2.840.113635.100.6.1.4"
), issueDate='2025-07-01 09:42:35 +0000''>', entitlements='{
    "application-identifier" = "92A7XJUSA8.com.sedari.mobile";
    "aps-environment" = production;
    "com.apple.developer.team-identifier" = 92A7XJUSA8;
    "get-task-allow" = 0;
}', teamID='92A7XJUSA8', identifier='com.sedari.mobile', executablePath='<DVTFilePath:0xc588897a0:'/Users/rachmataditiya/Library/Developer/Xcode/Archives/2026-01-07/SedariMobile 07-01-26, 19.33.xcarchive/Products/Applications/SedariMobile.app/SedariMobile'>', hardenedRuntime='0'>'>: {
    "application-identifier" = "92A7XJUSA8.com.sedari.mobile";
    "aps-environment" = production;
    "com.apple.developer.team-identifier" = 92A7XJUSA8;
    "get-task-allow" = 0;
}
2026-01-07 12:34:29 +0000  Associated App Clip Identifiers Filter: Skipping because "com.apple.developer.associated-appclip-app-identifiers" is not present
2026-01-07 12:34:29 +0000  Entitlements for <IDEDistributionItem: 0xc589484e0; bundleID='com.sedari.mobile', path='<DVTFilePath:0xc854cf250:'/Users/rachmataditiya/Library/Developer/Xcode/Archives/2026-01-07/SedariMobile 07-01-26, 19.33.xcarchive/Products/Applications/SedariMobile.app'>', codeSigningInfo='<_DVTCodeSigningInformation_Path: 0xc5894ad60; isSigned='1', isAdHocSigned='0', signingCertificate='<DVTSigningCertificate: 0xc8633bd80; name='Apple Distribution: ARKANA SOLUSI DIGITAL, PT (92A7XJUSA8)', hash='35446AC32FAA05A6D593DA71A7C3586FEC6CF118', serialNumber='59AE9EFCABFCB3B09C8C6D728AFC7D31', certificateKinds='(
    "1.2.840.113635.100.6.1.7",
    "1.2.840.113635.100.6.1.4"
), issueDate='2025-07-01 09:42:35 +0000''>', entitlements='{
    "application-identifier" = "92A7XJUSA8.com.sedari.mobile";
    "aps-environment" = production;
    "com.apple.developer.team-identifier" = 92A7XJUSA8;
    "get-task-allow" = 0;
}', teamID='92A7XJUSA8', identifier='com.sedari.mobile', executablePath='<DVTFilePath:0xc588897a0:'/Users/rachmataditiya/Library/Developer/Xcode/Archives/2026-01-07/SedariMobile 07-01-26, 19.33.xcarchive/Products/Applications/SedariMobile.app/SedariMobile'>', hardenedRuntime='0'>'> are: {
    "application-identifier" = "92A7XJUSA8.com.sedari.mobile";
    "aps-environment" = production;
    "com.apple.developer.team-identifier" = 92A7XJUSA8;
    "get-task-allow" = 0;
}
2026-01-07 12:34:29 +0000  Writing entitlements for <IDEDistributionItem: 0xc589484e0; bundleID='com.sedari.mobile', path='<DVTFilePath:0xc854cf250:'/Users/rachmataditiya/Library/Developer/Xcode/Archives/2026-01-07/SedariMobile 07-01-26, 19.33.xcarchive/Products/Applications/SedariMobile.app'>', codeSigningInfo='<_DVTCodeSigningInformation_Path: 0xc5894ad60; isSigned='1', isAdHocSigned='0', signingCertificate='<DVTSigningCertificate: 0xc8633bd80; name='Apple Distribution: ARKANA SOLUSI DIGITAL, PT (92A7XJUSA8)', hash='35446AC32FAA05A6D593DA71A7C3586FEC6CF118', serialNumber='59AE9EFCABFCB3B09C8C6D728AFC7D31', certificateKinds='(
    "1.2.840.113635.100.6.1.7",
    "1.2.840.113635.100.6.1.4"
), issueDate='2025-07-01 09:42:35 +0000''>', entitlements='{
    "application-identifier" = "92A7XJUSA8.com.sedari.mobile";
    "aps-environment" = production;
    "com.apple.developer.team-identifier" = 92A7XJUSA8;
    "get-task-allow" = 0;
}', teamID='92A7XJUSA8', identifier='com.sedari.mobile', executablePath='<DVTFilePath:0xc588897a0:'/Users/rachmataditiya/Library/Developer/Xcode/Archives/2026-01-07/SedariMobile 07-01-26, 19.33.xcarchive/Products/Applications/SedariMobile.app/SedariMobile'>', hardenedRuntime='0'>'> to: /var/folders/5r/zb8_mr3j4bxdx5y6xb4mznfm0000gn/T/XcodeDistPipeline.~~~YCtFNn/entitlements~~~PA7lvz
2026-01-07 12:34:29 +0000  invoking codesign: <NSConcreteTask: 0xc85e61a40; launchPath='/usr/bin/codesign', arguments='(
    "-f",
    "-s",
    35446AC32FAA05A6D593DA71A7C3586FEC6CF118,
    "--entitlements",
    "/var/folders/5r/zb8_mr3j4bxdx5y6xb4mznfm0000gn/T/XcodeDistPipeline.~~~YCtFNn/entitlements~~~PA7lvz",
    "--preserve-metadata=identifier,flags,runtime,launch-constraints,library-constraints",
    "--generate-entitlement-der",
    "--strip-disallowed-xattrs",
    "-vvv",
    "/var/folders/5r/zb8_mr3j4bxdx5y6xb4mznfm0000gn/T/XcodeDistPipeline.~~~YCtFNn/Root/Payload/SedariMobile.app"
)'>
2026-01-07 12:34:29 +0000  codesign output: /var/folders/5r/zb8_mr3j4bxdx5y6xb4mznfm0000gn/T/XcodeDistPipeline.~~~YCtFNn/Root/Payload/SedariMobile.app: replacing existing signature
/var/folders/5r/zb8_mr3j4bxdx5y6xb4mznfm0000gn/T/XcodeDistPipeline.~~~YCtFNn/Root/Payload/SedariMobile.app: signed app bundle with Mach-O thin (arm64) [com.sedari.mobile]
2026-01-07 12:34:29 +0000  Processing step: IDEDistributionZipODRItemStep
2026-01-07 12:34:29 +0000  Skipping step: IDEDistributionZipODRItemStep because it said so
2026-01-07 12:34:29 +0000  Skipping step: IDEDistributionZipODRItemStep because it said so
2026-01-07 12:34:29 +0000  Skipping step: IDEDistributionZipODRItemStep because it said so
2026-01-07 12:34:29 +0000  Skipping step: IDEDistributionZipODRItemStep because it said so
2026-01-07 12:34:29 +0000  Processing step: IDEDistributionCreateIPAStep
2026-01-07 12:34:29 +0000  Running /usr/bin/ditto '-V' '-c' '-k' '--norsrc' '/var/folders/5r/zb8_mr3j4bxdx5y6xb4mznfm0000gn/T/XcodeDistPipeline.~~~YCtFNn/Root' '/var/folders/5r/zb8_mr3j4bxdx5y6xb4mznfm0000gn/T/XcodeDistPipeline.~~~YCtFNn/Packages/SedariMobile.ipa'
2026-01-07 12:34:29 +0000  >>> Copying /var/folders/5r/zb8_mr3j4bxdx5y6xb4mznfm0000gn/T/XcodeDistPipeline.~~~YCtFNn/Root 
2026-01-07 12:34:29 +0000  copying file ./Payload/SedariMobile.app/_CodeSignature/CodeResources ... 
2026-01-07 12:34:29 +0000  30463 bytes for ./Payload/SedariMobile.app/_CodeSignature/CodeResources
2026-01-07 12:34:29 +0000  copying file ./Payload/SedariMobile.app/SplashScreen.storyboardc/EXPO-VIEWCONTROLLER-1-view-EXPO-ContainerView.nib ... 
2026-01-07 12:34:29 +0000  2192 bytes for ./Payload/SedariMobile.app/SplashScreen.storyboardc/EXPO-VIEWCONTROLLER-1-view-EXPO-ContainerView.nib
2026-01-07 12:34:29 +0000  copying file ./Payload/SedariMobile.app/SplashScreen.storyboardc/SplashScreenViewController.nib ... 
2026-01-07 12:34:29 +0000  1004 bytes for ./Payload/SedariMobile.app/SplashScreen.storyboardc/SplashScreenViewController.nib
2026-01-07 12:34:29 +0000  copying file ./Payload/SedariMobile.app/SplashScreen.storyboardc/Info.plist ... 
2026-01-07 12:34:29 +0000  225 bytes for ./Payload/SedariMobile.app/SplashScreen.storyboardc/Info.plist
copying file ./Payload/SedariMobile.app/AppIcon60x60@2x.png ... 
2026-01-07 12:34:29 +0000  31946 bytes for ./Payload/SedariMobile.app/AppIcon60x60@2x.png
2026-01-07 12:34:29 +0000  copying file ./Payload/SedariMobile.app/ExpoConstants_privacy.bundle/PrivacyInfo.xcprivacy ... 
2026-01-07 12:34:29 +0000  607 bytes for ./Payload/SedariMobile.app/ExpoConstants_privacy.bundle/PrivacyInfo.xcprivacy
2026-01-07 12:34:29 +0000  copying file ./Payload/SedariMobile.app/ExpoConstants_privacy.bundle/Info.plist ... 
2026-01-07 12:34:29 +0000  789 bytes for ./Payload/SedariMobile.app/ExpoConstants_privacy.bundle/Info.plist
2026-01-07 12:34:29 +0000  copying file ./Payload/SedariMobile.app/React-cxxreact_privacy.bundle/PrivacyInfo.xcprivacy ... 
2026-01-07 12:34:29 +0000  552 bytes for ./Payload/SedariMobile.app/React-cxxreact_privacy.bundle/PrivacyInfo.xcprivacy
2026-01-07 12:34:29 +0000  copying file ./Payload/SedariMobile.app/React-cxxreact_privacy.bundle/Info.plist ... 
2026-01-07 12:34:29 +0000  790 bytes for ./Payload/SedariMobile.app/React-cxxreact_privacy.bundle/Info.plist
2026-01-07 12:34:29 +0000  copying file ./Payload/SedariMobile.app/ExpoApplication_privacy.bundle/PrivacyInfo.xcprivacy ... 
2026-01-07 12:34:29 +0000  608 bytes for ./Payload/SedariMobile.app/ExpoApplication_privacy.bundle/PrivacyInfo.xcprivacy
2026-01-07 12:34:29 +0000  copying file ./Payload/SedariMobile.app/ExpoApplication_privacy.bundle/Info.plist ... 
2026-01-07 12:34:29 +0000  791 bytes for ./Payload/SedariMobile.app/ExpoApplication_privacy.bundle/Info.plist
2026-01-07 12:34:29 +0000  copying file ./Payload/SedariMobile.app/Assets.car ... 
2026-01-07 12:34:29 +0000  4191912 bytes for ./Payload/SedariMobile.app/Assets.car
2026-01-07 12:34:29 +0000  copying file ./Payload/SedariMobile.app/AppIcon76x76@2x~ipad.png ... 
2026-01-07 12:34:29 +0000  47584 bytes for ./Payload/SedariMobile.app/AppIcon76x76@2x~ipad.png
2026-01-07 12:34:29 +0000  copying file ./Payload/SedariMobile.app/main.jsbundle ... 
2026-01-07 12:34:29 +0000  4154974 bytes for ./Payload/SedariMobile.app/main.jsbundle
2026-01-07 12:34:29 +0000  copying file ./Payload/SedariMobile.app/EXConstants.bundle/app.config ... 
1408 bytes for ./Payload/SedariMobile.app/EXConstants.bundle/app.config
2026-01-07 12:34:29 +0000  copying file ./Payload/SedariMobile.app/EXConstants.bundle/Info.plist ... 
767 bytes for ./Payload/SedariMobile.app/EXConstants.bundle/Info.plist
2026-01-07 12:34:29 +0000  copying file ./Payload/SedariMobile.app/ExpoDevice_privacy.bundle/PrivacyInfo.xcprivacy ... 
2026-01-07 12:34:29 +0000  609 bytes for ./Payload/SedariMobile.app/ExpoDevice_privacy.bundle/PrivacyInfo.xcprivacy
copying file ./Payload/SedariMobile.app/ExpoDevice_privacy.bundle/Info.plist ... 
2026-01-07 12:34:29 +0000  782 bytes for ./Payload/SedariMobile.app/ExpoDevice_privacy.bundle/Info.plist
copying file ./Payload/SedariMobile.app/PrivacyInfo.xcprivacy ... 
2026-01-07 12:34:29 +0000  1283 bytes for ./Payload/SedariMobile.app/PrivacyInfo.xcprivacy
copying file ./Payload/SedariMobile.app/ExpoNotifications_privacy.bundle/PrivacyInfo.xcprivacy ... 
2026-01-07 12:34:29 +0000  607 bytes for ./Payload/SedariMobile.app/ExpoNotifications_privacy.bundle/PrivacyInfo.xcprivacy
copying file ./Payload/SedariMobile.app/ExpoNotifications_privacy.bundle/Info.plist ... 
2026-01-07 12:34:29 +0000  797 bytes for ./Payload/SedariMobile.app/ExpoNotifications_privacy.bundle/Info.plist
2026-01-07 12:34:29 +0000  copying file ./Payload/SedariMobile.app/ExpoFileSystem_privacy.bundle/PrivacyInfo.xcprivacy ... 
877 bytes for ./Payload/SedariMobile.app/ExpoFileSystem_privacy.bundle/PrivacyInfo.xcprivacy
2026-01-07 12:34:29 +0000  copying file ./Payload/SedariMobile.app/ExpoFileSystem_privacy.bundle/Info.plist ... 
791 bytes for ./Payload/SedariMobile.app/ExpoFileSystem_privacy.bundle/Info.plist
2026-01-07 12:34:29 +0000  copying file ./Payload/SedariMobile.app/Frameworks/React.framework/_CodeSignature/CodeResources ... 
2026-01-07 12:34:29 +0000  1798 bytes for ./Payload/SedariMobile.app/Frameworks/React.framework/_CodeSignature/CodeResources
copying file ./Payload/SedariMobile.app/Frameworks/React.framework/React ... 
2026-01-07 12:34:29 +0000  11306576 bytes for ./Payload/SedariMobile.app/Frameworks/React.framework/React
2026-01-07 12:34:29 +0000  copying file ./Payload/SedariMobile.app/Frameworks/React.framework/Info.plist ... 
749 bytes for ./Payload/SedariMobile.app/Frameworks/React.framework/Info.plist
2026-01-07 12:34:29 +0000  copying file ./Payload/SedariMobile.app/Frameworks/ReactNativeDependencies.framework/_CodeSignature/CodeResources ... 
2026-01-07 12:34:29 +0000  3548 bytes for ./Payload/SedariMobile.app/Frameworks/ReactNativeDependencies.framework/_CodeSignature/CodeResources
2026-01-07 12:34:29 +0000  copying file ./Payload/SedariMobile.app/Frameworks/ReactNativeDependencies.framework/ReactNativeDependencies_folly.bundle/PrivacyInfo.xcprivacy ... 
2026-01-07 12:34:29 +0000  552 bytes for ./Payload/SedariMobile.app/Frameworks/ReactNativeDependencies.framework/ReactNativeDependencies_folly.bundle/PrivacyInfo.xcprivacy
2026-01-07 12:34:29 +0000  copying file ./Payload/SedariMobile.app/Frameworks/ReactNativeDependencies.framework/ReactNativeDependencies_folly.bundle/Info.plist ... 
2026-01-07 12:34:29 +0000  690 bytes for ./Payload/SedariMobile.app/Frameworks/ReactNativeDependencies.framework/ReactNativeDependencies_folly.bundle/Info.plist
2026-01-07 12:34:29 +0000  copying file ./Payload/SedariMobile.app/Frameworks/ReactNativeDependencies.framework/ReactNativeDependencies ... 
2026-01-07 12:34:29 +0000  1279904 bytes for ./Payload/SedariMobile.app/Frameworks/ReactNativeDependencies.framework/ReactNativeDependencies
2026-01-07 12:34:29 +0000  copying file ./Payload/SedariMobile.app/Frameworks/ReactNativeDependencies.framework/ReactNativeDependencies_glog.bundle/PrivacyInfo.xcprivacy ... 
552 bytes for ./Payload/SedariMobile.app/Frameworks/ReactNativeDependencies.framework/ReactNativeDependencies_glog.bundle/PrivacyInfo.xcprivacy
2026-01-07 12:34:29 +0000  copying file ./Payload/SedariMobile.app/Frameworks/ReactNativeDependencies.framework/ReactNativeDependencies_glog.bundle/Info.plist ... 
2026-01-07 12:34:29 +0000  688 bytes for ./Payload/SedariMobile.app/Frameworks/ReactNativeDependencies.framework/ReactNativeDependencies_glog.bundle/Info.plist
2026-01-07 12:34:29 +0000  copying file ./Payload/SedariMobile.app/Frameworks/ReactNativeDependencies.framework/ReactNativeDependencies_boost.bundle/PrivacyInfo.xcprivacy ... 
2026-01-07 12:34:29 +0000  776 bytes for ./Payload/SedariMobile.app/Frameworks/ReactNativeDependencies.framework/ReactNativeDependencies_boost.bundle/PrivacyInfo.xcprivacy
2026-01-07 12:34:29 +0000  copying file ./Payload/SedariMobile.app/Frameworks/ReactNativeDependencies.framework/ReactNativeDependencies_boost.bundle/Info.plist ... 
2026-01-07 12:34:29 +0000  690 bytes for ./Payload/SedariMobile.app/Frameworks/ReactNativeDependencies.framework/ReactNativeDependencies_boost.bundle/Info.plist
copying file ./Payload/SedariMobile.app/Frameworks/ReactNativeDependencies.framework/Info.plist ... 
2026-01-07 12:34:29 +0000  782 bytes for ./Payload/SedariMobile.app/Frameworks/ReactNativeDependencies.framework/Info.plist
2026-01-07 12:34:29 +0000  copying file ./Payload/SedariMobile.app/Frameworks/hermes.framework/_CodeSignature/CodeResources ... 
2026-01-07 12:34:29 +0000  1798 bytes for ./Payload/SedariMobile.app/Frameworks/hermes.framework/_CodeSignature/CodeResources
2026-01-07 12:34:29 +0000  copying file ./Payload/SedariMobile.app/Frameworks/hermes.framework/hermes ... 
2026-01-07 12:34:29 +0000  4728080 bytes for ./Payload/SedariMobile.app/Frameworks/hermes.framework/hermes
2026-01-07 12:34:29 +0000  copying file ./Payload/SedariMobile.app/Frameworks/hermes.framework/Info.plist ... 
859 bytes for ./Payload/SedariMobile.app/Frameworks/hermes.framework/Info.plist
copying file ./Payload/SedariMobile.app/embedded.mobileprovision ... 
2026-01-07 12:34:29 +0000  23503 bytes for ./Payload/SedariMobile.app/embedded.mobileprovision
2026-01-07 12:34:29 +0000  copying file ./Payload/SedariMobile.app/assets/node_modules/@react-navigation/elements/lib/module/assets/back-icon@3x.png ... 
2026-01-07 12:34:29 +0000  761 bytes for ./Payload/SedariMobile.app/assets/node_modules/@react-navigation/elements/lib/module/assets/back-icon@3x.png
2026-01-07 12:34:29 +0000  copying file ./Payload/SedariMobile.app/assets/node_modules/@react-navigation/elements/lib/module/assets/back-icon@2x.png ... 
2026-01-07 12:34:29 +0000  405 bytes for ./Payload/SedariMobile.app/assets/node_modules/@react-navigation/elements/lib/module/assets/back-icon@2x.png
copying file ./Payload/SedariMobile.app/assets/node_modules/@react-navigation/elements/lib/module/assets/search-icon@2x.png ... 
2026-01-07 12:34:29 +0000  589 bytes for ./Payload/SedariMobile.app/assets/node_modules/@react-navigation/elements/lib/module/assets/search-icon@2x.png
2026-01-07 12:34:29 +0000  copying file ./Payload/SedariMobile.app/assets/node_modules/@react-navigation/elements/lib/module/assets/clear-icon@3x.png ... 
2026-01-07 12:34:29 +0000  502 bytes for ./Payload/SedariMobile.app/assets/node_modules/@react-navigation/elements/lib/module/assets/clear-icon@3x.png
copying file ./Payload/SedariMobile.app/assets/node_modules/@react-navigation/elements/lib/module/assets/back-icon.png ... 
2026-01-07 12:34:29 +0000  290 bytes for ./Payload/SedariMobile.app/assets/node_modules/@react-navigation/elements/lib/module/assets/back-icon.png
2026-01-07 12:34:29 +0000  copying file ./Payload/SedariMobile.app/assets/node_modules/@react-navigation/elements/lib/module/assets/clear-icon@2x.png ... 
2026-01-07 12:34:29 +0000  334 bytes for ./Payload/SedariMobile.app/assets/node_modules/@react-navigation/elements/lib/module/assets/clear-icon@2x.png
copying file ./Payload/SedariMobile.app/assets/node_modules/@react-navigation/elements/lib/module/assets/search-icon@3x.png ... 
2026-01-07 12:34:29 +0000  839 bytes for ./Payload/SedariMobile.app/assets/node_modules/@react-navigation/elements/lib/module/assets/search-icon@3x.png
2026-01-07 12:34:29 +0000  copying file ./Payload/SedariMobile.app/assets/node_modules/@react-navigation/elements/lib/module/assets/close-icon.png ... 
2026-01-07 12:34:29 +0000  141 bytes for ./Payload/SedariMobile.app/assets/node_modules/@react-navigation/elements/lib/module/assets/close-icon.png
copying file ./Payload/SedariMobile.app/assets/node_modules/@react-navigation/elements/lib/module/assets/back-icon-mask.png ... 
2026-01-07 12:34:29 +0000  653 bytes for ./Payload/SedariMobile.app/assets/node_modules/@react-navigation/elements/lib/module/assets/back-icon-mask.png
copying file ./Payload/SedariMobile.app/assets/node_modules/@react-navigation/elements/lib/module/assets/close-icon@2x.png ... 
2026-01-07 12:34:29 +0000  201 bytes for ./Payload/SedariMobile.app/assets/node_modules/@react-navigation/elements/lib/module/assets/close-icon@2x.png
2026-01-07 12:34:29 +0000  copying file ./Payload/SedariMobile.app/assets/node_modules/@react-navigation/elements/lib/module/assets/close-icon@3x.png ... 
2026-01-07 12:34:29 +0000  266 bytes for ./Payload/SedariMobile.app/assets/node_modules/@react-navigation/elements/lib/module/assets/close-icon@3x.png
copying file ./Payload/SedariMobile.app/assets/node_modules/@react-navigation/elements/lib/module/assets/clear-icon.png ... 
2026-01-07 12:34:29 +0000  220 bytes for ./Payload/SedariMobile.app/assets/node_modules/@react-navigation/elements/lib/module/assets/clear-icon.png
2026-01-07 12:34:29 +0000  copying file ./Payload/SedariMobile.app/assets/node_modules/@react-navigation/elements/lib/module/assets/search-icon.png ... 
2026-01-07 12:34:29 +0000  317 bytes for ./Payload/SedariMobile.app/assets/node_modules/@react-navigation/elements/lib/module/assets/search-icon.png
2026-01-07 12:34:29 +0000  copying file ./Payload/SedariMobile.app/assets/node_modules/@expo/vector-icons/build/vendor/react-native-vector-icons/Fonts/Fontisto.ttf ... 
2026-01-07 12:34:29 +0000  313528 bytes for ./Payload/SedariMobile.app/assets/node_modules/@expo/vector-icons/build/vendor/react-native-vector-icons/Fonts/Fontisto.ttf
2026-01-07 12:34:29 +0000  copying file ./Payload/SedariMobile.app/assets/node_modules/@expo/vector-icons/build/vendor/react-native-vector-icons/Fonts/Octicons.ttf ... 
2026-01-07 12:34:29 +0000  69436 bytes for ./Payload/SedariMobile.app/assets/node_modules/@expo/vector-icons/build/vendor/react-native-vector-icons/Fonts/Octicons.ttf
2026-01-07 12:34:29 +0000  copying file ./Payload/SedariMobile.app/assets/node_modules/@expo/vector-icons/build/vendor/react-native-vector-icons/Fonts/Feather.ttf ... 
2026-01-07 12:34:29 +0000  55596 bytes for ./Payload/SedariMobile.app/assets/node_modules/@expo/vector-icons/build/vendor/react-native-vector-icons/Fonts/Feather.ttf
2026-01-07 12:34:29 +0000  copying file ./Payload/SedariMobile.app/assets/node_modules/@expo/vector-icons/build/vendor/react-native-vector-icons/Fonts/FontAwesome6_Regular.ttf ... 
2026-01-07 12:34:29 +0000  67976 bytes for ./Payload/SedariMobile.app/assets/node_modules/@expo/vector-icons/build/vendor/react-native-vector-icons/Fonts/FontAwesome6_Regular.ttf
2026-01-07 12:34:29 +0000  copying file ./Payload/SedariMobile.app/assets/node_modules/@expo/vector-icons/build/vendor/react-native-vector-icons/Fonts/Entypo.ttf ... 
2026-01-07 12:34:29 +0000  66200 bytes for ./Payload/SedariMobile.app/assets/node_modules/@expo/vector-icons/build/vendor/react-native-vector-icons/Fonts/Entypo.ttf
2026-01-07 12:34:29 +0000  copying file ./Payload/SedariMobile.app/assets/node_modules/@expo/vector-icons/build/vendor/react-native-vector-icons/Fonts/FontAwesome5_Brands.ttf ... 
2026-01-07 12:34:29 +0000  134040 bytes for ./Payload/SedariMobile.app/assets/node_modules/@expo/vector-icons/build/vendor/react-native-vector-icons/Fonts/FontAwesome5_Brands.ttf
2026-01-07 12:34:29 +0000  copying file ./Payload/SedariMobile.app/assets/node_modules/@expo/vector-icons/build/vendor/react-native-vector-icons/Fonts/MaterialCommunityIcons.ttf ... 
2026-01-07 12:34:29 +0000  1307660 bytes for ./Payload/SedariMobile.app/assets/node_modules/@expo/vector-icons/build/vendor/react-native-vector-icons/Fonts/MaterialCommunityIcons.ttf
2026-01-07 12:34:29 +0000  copying file ./Payload/SedariMobile.app/assets/node_modules/@expo/vector-icons/build/vendor/react-native-vector-icons/Fonts/AntDesign.ttf ... 
2026-01-07 12:34:30 +0000  130484 bytes for ./Payload/SedariMobile.app/assets/node_modules/@expo/vector-icons/build/vendor/react-native-vector-icons/Fonts/AntDesign.ttf
2026-01-07 12:34:30 +0000  copying file ./Payload/SedariMobile.app/assets/node_modules/@expo/vector-icons/build/vendor/react-native-vector-icons/Fonts/Foundation.ttf ... 
2026-01-07 12:34:30 +0000  56976 bytes for ./Payload/SedariMobile.app/assets/node_modules/@expo/vector-icons/build/vendor/react-native-vector-icons/Fonts/Foundation.ttf
2026-01-07 12:34:30 +0000  copying file ./Payload/SedariMobile.app/assets/node_modules/@expo/vector-icons/build/vendor/react-native-vector-icons/Fonts/Ionicons.ttf ... 
2026-01-07 12:34:30 +0000  389724 bytes for ./Payload/SedariMobile.app/assets/node_modules/@expo/vector-icons/build/vendor/react-native-vector-icons/Fonts/Ionicons.ttf
2026-01-07 12:34:30 +0000  copying file ./Payload/SedariMobile.app/assets/node_modules/@expo/vector-icons/build/vendor/react-native-vector-icons/Fonts/FontAwesome5_Solid.ttf ... 
2026-01-07 12:34:30 +0000  202744 bytes for ./Payload/SedariMobile.app/assets/node_modules/@expo/vector-icons/build/vendor/react-native-vector-icons/Fonts/FontAwesome5_Solid.ttf
2026-01-07 12:34:30 +0000  copying file ./Payload/SedariMobile.app/assets/node_modules/@expo/vector-icons/build/vendor/react-native-vector-icons/Fonts/FontAwesome5_Regular.ttf ... 
2026-01-07 12:34:30 +0000  33736 bytes for ./Payload/SedariMobile.app/assets/node_modules/@expo/vector-icons/build/vendor/react-native-vector-icons/Fonts/FontAwesome5_Regular.ttf
2026-01-07 12:34:30 +0000  copying file ./Payload/SedariMobile.app/assets/node_modules/@expo/vector-icons/build/vendor/react-native-vector-icons/Fonts/FontAwesome.ttf ... 
2026-01-07 12:34:30 +0000  165548 bytes for ./Payload/SedariMobile.app/assets/node_modules/@expo/vector-icons/build/vendor/react-native-vector-icons/Fonts/FontAwesome.ttf
2026-01-07 12:34:30 +0000  copying file ./Payload/SedariMobile.app/assets/node_modules/@expo/vector-icons/build/vendor/react-native-vector-icons/Fonts/Zocial.ttf ... 
2026-01-07 12:34:30 +0000  25788 bytes for ./Payload/SedariMobile.app/assets/node_modules/@expo/vector-icons/build/vendor/react-native-vector-icons/Fonts/Zocial.ttf
2026-01-07 12:34:30 +0000  copying file ./Payload/SedariMobile.app/assets/node_modules/@expo/vector-icons/build/vendor/react-native-vector-icons/Fonts/EvilIcons.ttf ... 
2026-01-07 12:34:30 +0000  13456 bytes for ./Payload/SedariMobile.app/assets/node_modules/@expo/vector-icons/build/vendor/react-native-vector-icons/Fonts/EvilIcons.ttf
2026-01-07 12:34:30 +0000  copying file ./Payload/SedariMobile.app/assets/node_modules/@expo/vector-icons/build/vendor/react-native-vector-icons/Fonts/FontAwesome6_Solid.ttf ... 
2026-01-07 12:34:30 +0000  423676 bytes for ./Payload/SedariMobile.app/assets/node_modules/@expo/vector-icons/build/vendor/react-native-vector-icons/Fonts/FontAwesome6_Solid.ttf
2026-01-07 12:34:30 +0000  copying file ./Payload/SedariMobile.app/assets/node_modules/@expo/vector-icons/build/vendor/react-native-vector-icons/Fonts/SimpleLineIcons.ttf ... 
2026-01-07 12:34:30 +0000  54056 bytes for ./Payload/SedariMobile.app/assets/node_modules/@expo/vector-icons/build/vendor/react-native-vector-icons/Fonts/SimpleLineIcons.ttf
2026-01-07 12:34:30 +0000  copying file ./Payload/SedariMobile.app/assets/node_modules/@expo/vector-icons/build/vendor/react-native-vector-icons/Fonts/FontAwesome6_Brands.ttf ... 
2026-01-07 12:34:30 +0000  209376 bytes for ./Payload/SedariMobile.app/assets/node_modules/@expo/vector-icons/build/vendor/react-native-vector-icons/Fonts/FontAwesome6_Brands.ttf
2026-01-07 12:34:30 +0000  copying file ./Payload/SedariMobile.app/assets/node_modules/@expo/vector-icons/build/vendor/react-native-vector-icons/Fonts/MaterialIcons.ttf ... 
2026-01-07 12:34:30 +0000  356840 bytes for ./Payload/SedariMobile.app/assets/node_modules/@expo/vector-icons/build/vendor/react-native-vector-icons/Fonts/MaterialIcons.ttf
2026-01-07 12:34:30 +0000  copying file ./Payload/SedariMobile.app/assets/node_modules/expo-router/assets/pkg.png ... 
2026-01-07 12:34:30 +0000  364 bytes for ./Payload/SedariMobile.app/assets/node_modules/expo-router/assets/pkg.png
2026-01-07 12:34:30 +0000  copying file ./Payload/SedariMobile.app/assets/node_modules/expo-router/assets/unmatched.png ... 
2026-01-07 12:34:30 +0000  4752 bytes for ./Payload/SedariMobile.app/assets/node_modules/expo-router/assets/unmatched.png
2026-01-07 12:34:30 +0000  copying file ./Payload/SedariMobile.app/assets/node_modules/expo-router/assets/file.png ... 
2026-01-07 12:34:30 +0000  138 bytes for ./Payload/SedariMobile.app/assets/node_modules/expo-router/assets/file.png
2026-01-07 12:34:30 +0000  copying file ./Payload/SedariMobile.app/assets/node_modules/expo-router/assets/forward.png ... 
2026-01-07 12:34:30 +0000  188 bytes for ./Payload/SedariMobile.app/assets/node_modules/expo-router/assets/forward.png
2026-01-07 12:34:30 +0000  copying file ./Payload/SedariMobile.app/assets/node_modules/expo-router/assets/error.png ... 
2026-01-07 12:34:30 +0000  469 bytes for ./Payload/SedariMobile.app/assets/node_modules/expo-router/assets/error.png
2026-01-07 12:34:30 +0000  copying file ./Payload/SedariMobile.app/assets/node_modules/expo-router/assets/sitemap.png ... 
2026-01-07 12:34:30 +0000  465 bytes for ./Payload/SedariMobile.app/assets/node_modules/expo-router/assets/sitemap.png
2026-01-07 12:34:30 +0000  copying file ./Payload/SedariMobile.app/assets/node_modules/expo-router/assets/arrow_down.png ... 
2026-01-07 12:34:30 +0000  9456 bytes for ./Payload/SedariMobile.app/assets/node_modules/expo-router/assets/arrow_down.png
2026-01-07 12:34:30 +0000  copying file ./Payload/SedariMobile.app/assets/node_modules/react-native-calendars/src/calendar/img/previous@2x.png ... 
2026-01-07 12:34:30 +0000  458 bytes for ./Payload/SedariMobile.app/assets/node_modules/react-native-calendars/src/calendar/img/previous@2x.png
2026-01-07 12:34:30 +0000  copying file ./Payload/SedariMobile.app/assets/node_modules/react-native-calendars/src/calendar/img/next@2x.png ... 
2026-01-07 12:34:30 +0000  462 bytes for ./Payload/SedariMobile.app/assets/node_modules/react-native-calendars/src/calendar/img/next@2x.png
2026-01-07 12:34:30 +0000  copying file ./Payload/SedariMobile.app/assets/node_modules/react-native-calendars/src/img/down@3x.png ... 
2026-01-07 12:34:30 +0000  508 bytes for ./Payload/SedariMobile.app/assets/node_modules/react-native-calendars/src/img/down@3x.png
2026-01-07 12:34:30 +0000  copying file ./Payload/SedariMobile.app/assets/node_modules/react-native-calendars/src/img/down@2x.png ... 
2026-01-07 12:34:30 +0000  354 bytes for ./Payload/SedariMobile.app/assets/node_modules/react-native-calendars/src/img/down@2x.png
2026-01-07 12:34:30 +0000  copying file ./Payload/SedariMobile.app/assets/node_modules/react-native-calendars/src/img/up.png ... 
2026-01-07 12:34:30 +0000  215 bytes for ./Payload/SedariMobile.app/assets/node_modules/react-native-calendars/src/img/up.png
2026-01-07 12:34:30 +0000  copying file ./Payload/SedariMobile.app/assets/node_modules/react-native-calendars/src/img/down.png ... 
2026-01-07 12:34:30 +0000  208 bytes for ./Payload/SedariMobile.app/assets/node_modules/react-native-calendars/src/img/down.png
2026-01-07 12:34:30 +0000  copying file ./Payload/SedariMobile.app/assets/node_modules/react-native-calendars/src/img/up@2x.png ... 
2026-01-07 12:34:30 +0000  347 bytes for ./Payload/SedariMobile.app/assets/node_modules/react-native-calendars/src/img/up@2x.png
2026-01-07 12:34:30 +0000  copying file ./Payload/SedariMobile.app/assets/node_modules/react-native-calendars/src/img/up@3x.png ... 
2026-01-07 12:34:30 +0000  504 bytes for ./Payload/SedariMobile.app/assets/node_modules/react-native-calendars/src/img/up@3x.png
2026-01-07 12:34:30 +0000  copying file ./Payload/SedariMobile.app/SedariMobile ... 
2026-01-07 12:34:30 +0000  3104704 bytes for ./Payload/SedariMobile.app/SedariMobile
2026-01-07 12:34:30 +0000  copying file ./Payload/SedariMobile.app/Info.plist ... 
1819 bytes for ./Payload/SedariMobile.app/Info.plist
2026-01-07 12:34:30 +0000  copying file ./Payload/SedariMobile.app/Expo.plist ... 
2026-01-07 12:34:30 +0000  132 bytes for ./Payload/SedariMobile.app/Expo.plist
2026-01-07 12:34:30 +0000  copying file ./Payload/SedariMobile.app/RNCAsyncStorage_resources.bundle/PrivacyInfo.xcprivacy ... 
2026-01-07 12:34:30 +0000  512 bytes for ./Payload/SedariMobile.app/RNCAsyncStorage_resources.bundle/PrivacyInfo.xcprivacy
2026-01-07 12:34:30 +0000  copying file ./Payload/SedariMobile.app/RNCAsyncStorage_resources.bundle/Info.plist ... 
2026-01-07 12:34:30 +0000  795 bytes for ./Payload/SedariMobile.app/RNCAsyncStorage_resources.bundle/Info.plist
2026-01-07 12:34:30 +0000  copying file ./Payload/SedariMobile.app/PkgInfo ... 
2026-01-07 12:34:30 +0000  8 bytes for ./Payload/SedariMobile.app/PkgInfo
2026-01-07 12:34:30 +0000  copying file ./Payload/SedariMobile.app/React-Core_privacy.bundle/PrivacyInfo.xcprivacy ... 
2026-01-07 12:34:30 +0000  768 bytes for ./Payload/SedariMobile.app/React-Core_privacy.bundle/PrivacyInfo.xcprivacy
2026-01-07 12:34:30 +0000  copying file ./Payload/SedariMobile.app/React-Core_privacy.bundle/Info.plist ... 
2026-01-07 12:34:30 +0000  782 bytes for ./Payload/SedariMobile.app/React-Core_privacy.bundle/Info.plist
2026-01-07 12:34:30 +0000  /usr/bin/ditto exited with 0
2026-01-07 12:34:30 +0000  Processing step: IDEDistributionAppStoreInformationStep
2026-01-07 12:34:30 +0000  Skipping step: IDEDistributionAppStoreInformationStep because it said so
2026-01-07 12:34:30 +0000  Processing step: IDEDistributionGenerateProcessedDistributionItems
2026-01-07 12:34:30 +0000  IDEDistributionItem init <DVTFilePath:0xc60b9ac00:'/var/folders/5r/zb8_mr3j4bxdx5y6xb4mznfm0000gn/T/XcodeDistPipeline.~~~YCtFNn/Root/Payload/SedariMobile.app/Frameworks/ReactNativeDependencies.framework'>
2026-01-07 12:34:30 +0000  IDEDistributionItem init <DVTFilePath:0xc584770c0:'/var/folders/5r/zb8_mr3j4bxdx5y6xb4mznfm0000gn/T/XcodeDistPipeline.~~~YCtFNn/Root/Payload/SedariMobile.app/Frameworks/React.framework'>
2026-01-07 12:34:30 +0000  IDEDistributionItem init <DVTFilePath:0xc85feaf40:'/var/folders/5r/zb8_mr3j4bxdx5y6xb4mznfm0000gn/T/XcodeDistPipeline.~~~YCtFNn/Root/Payload/SedariMobile.app/Frameworks/hermes.framework'>
2026-01-07 12:34:30 +0000  IDEDistributionItem init <DVTFilePath:0xc85fea1b0:'/var/folders/5r/zb8_mr3j4bxdx5y6xb4mznfm0000gn/T/XcodeDistPipeline.~~~YCtFNn/Root/Payload/SedariMobile.app'>
2026-01-07 12:34:30 +0000  Processing step: IDEDistributionCreateManifestStep
